1		0000		270A			MOVL R7, #0AH
2		0002		2F00			MOVH R7, #00H
3		0004		2510			MOVL R5, #10H
4		0006		2D00			MOVH R5, #00H
5		0008		2401			MOVL R4, #01H
6		000A		2C00			MOVH R4, #00H
7		000C		2E00			MOVH R6, #00H
8		000E		        		MAIN:
9		000E		C014			CALL READINT
10		0010		1493			AND R3, R2, R2
11		0012		2600			MOVL R6, #00H
12		0014		C030			CALL PRINTINT
13		0016		C00C			CALL READINT
14		0018		2609			MOVL R6, #09H
15		001A		C02A			CALL PRINTINT
16		001C		C03C			CALL ADD
17		001E		2603			MOVL R6, #03H
18		0020		C024			CALL PRINTINT
19		0022		8FEA			BJUMP MAIN
20		0024		        		READINT:
21		0024		        		I1:
22		0024		BFFE			BK I1
23		0026		5000			SCAN R0
24		0028		2800			MOVH R0, #00H
25		002A		        		I2:
26		002A		BFFE			BK I2
27		002C		5200			SCAN R1
28		002E		2900			MOVH R1, #00H
29		0030		1042			ADD R2, R0, R1
30		0032		1082			ADD R2, R0, R2
31		0034		1082			ADD R2, R0, R2
32		0036		1082			ADD R2, R0, R2
33		0038		1082			ADD R2, R0, R2
34		003A		1082			ADD R2, R0, R2
35		003C		1082			ADD R2, R0, R2
36		003E		1082			ADD R2, R0, R2
37		0040		1082			ADD R2, R0, R2
38		0042		1082			ADD R2, R0, R2
39		0044		D000			RET
40		0046		        		PRINTINT:
41		0046		        		O1:
42		0046		AFFE			BP O1
43		0048		7C00			PRT R6
44		004A		        		O2:
45		004A		AFFE			BP O2
46		004C		7E00			PRT R7
47		004E		        		O3:
48		004E		AFFE			BP O3
49		0050		7200			PRT R1
50		0052		1D40			OR R0, R0, R5
51		0054		        		O4:
52		0054		AFFE			BP O4
53		0056		7000			PRT R0
54		0058		D000			RET
55		005A		        		ADD:
56		005A		10D2			ADD R2, R2, R3
57		005C		1491			AND R1, R2, R2
58		005E		2000			MOVL R0, #00H
59		0060		2800			MOVH R0, #00H
60		0062		        		PARSE:
61		0062		13C9			SUB R1, R1, R7
62		0064		9004			BC DONE
63		0066		1100			ADD R0, R0, R4
64		0068		8FF8			BJUMP PARSE
65		006A		        		DONE:
66		006A		11C9			ADD R1, R1, R7
67		006C		D000			RET
